[ 2025-01-15 19:14:00,601 ] 1025 httpx - INFO - HTTP Request: GET https://dagshub.com/api/v1/user "HTTP/1.1 200 OK"
[ 2025-01-15 19:14:00,616 ] 107 dagshub - INFO - Accessing as gyash8424
[ 2025-01-15 19:14:01,038 ] 1025 httpx - INFO - HTTP Request: GET https://dagshub.com/api/v1/repos/gyash8424/Network_Security "HTTP/1.1 200 OK"
[ 2025-01-15 19:14:01,415 ] 1025 httpx - INFO - HTTP Request: GET https://dagshub.com/api/v1/user "HTTP/1.1 200 OK"
[ 2025-01-15 19:14:01,415 ] 107 dagshub - INFO - Initialized MLflow to track repo "gyash8424/Network_Security"
[ 2025-01-15 19:14:01,423 ] 107 dagshub - INFO - Repository gyash8424/Network_Security initialized!
[ 2025-01-15 19:16:27,891 ] 44 root - INFO - Starting data Ingestion
[ 2025-01-15 19:16:30,151 ] 62 root - INFO - Performed train test split on the dataframe
[ 2025-01-15 19:16:30,151 ] 64 root - INFO - Exited split_data_as_train_test method of Data_Ingestion class
[ 2025-01-15 19:16:30,151 ] 72 root - INFO - Exporting train and test file path.
[ 2025-01-15 19:16:30,246 ] 81 root - INFO - Exported train and test file path.
[ 2025-01-15 19:16:30,246 ] 49 root - INFO - Data Ingestion completed and artifact: DataIngestionArtifact(trained_file_path='Artifacts\\01_15_2025_19_13_57\\data_ingestion\\ingested\\train.csv', test_file_path='Artifacts\\01_15_2025_19_13_57\\data_ingestion\\ingested\\test.csv')
[ 2025-01-15 19:16:30,272 ] 64 root - INFO - Initiating the data Validation
[ 2025-01-15 19:16:30,346 ] 32 root - INFO - Required number of columns:2
[ 2025-01-15 19:16:30,346 ] 33 root - INFO - Data frame has columns:31
[ 2025-01-15 19:16:30,346 ] 32 root - INFO - Required number of columns:2
[ 2025-01-15 19:16:30,346 ] 33 root - INFO - Data frame has columns:31
[ 2025-01-15 19:16:30,596 ] 63 root - INFO - Entered initiate_data_transformation method of DataTransformation class
[ 2025-01-15 19:16:30,596 ] 65 root - INFO - Starting data transformation
[ 2025-01-15 19:16:30,636 ] 48 root - INFO - Entered get_data_trnasformer_object method of Trnasformation class
[ 2025-01-15 19:16:30,636 ] 53 root - INFO - Initialise KNNImputer with {'missing_values': nan, 'n_neighbors': 3, 'weights': 'uniform'}
[ 2025-01-15 19:16:30,652 ] 46 root - INFO - Entered the save_object method of MainUtils class
[ 2025-01-15 19:16:30,652 ] 50 root - INFO - Exited the save_object method of MainUtils class
[ 2025-01-15 19:16:30,652 ] 46 root - INFO - Entered the save_object method of MainUtils class
[ 2025-01-15 19:16:30,661 ] 50 root - INFO - Exited the save_object method of MainUtils class
[ 2025-01-15 19:20:37,913 ] 46 root - INFO - Entered the save_object method of MainUtils class
[ 2025-01-15 19:20:37,942 ] 50 root - INFO - Exited the save_object method of MainUtils class
[ 2025-01-15 19:20:37,943 ] 46 root - INFO - Entered the save_object method of MainUtils class
[ 2025-01-15 19:20:37,975 ] 50 root - INFO - Exited the save_object method of MainUtils class
[ 2025-01-15 19:20:37,975 ] 137 root - INFO - Model trainer artifact: ModelTrainerArtifact(trained_model_file_path='Artifacts\\01_15_2025_19_13_57\\model_trainer\\trained_model\\model.pkl', train_metric_artifact=ClassificationMetricArtifact(f1_score=0.991186718589875, precision_score=0.9887548558576978, recall_score=0.9936305732484076), test_metric_artifact=ClassificationMetricArtifact(f1_score=0.9768339768339769, precision_score=0.9730769230769231, recall_score=0.9806201550387597))
