[ 2025-01-14 19:09:49,178 ] 1025 httpx - INFO - HTTP Request: GET https://dagshub.com/api/v1/user "HTTP/1.1 200 OK"
[ 2025-01-14 19:09:49,178 ] 107 dagshub - INFO - Accessing as gyash8424
[ 2025-01-14 19:09:49,625 ] 1025 httpx - INFO - HTTP Request: GET https://dagshub.com/api/v1/repos/gyash8424/Network_Security "HTTP/1.1 200 OK"
[ 2025-01-14 19:09:50,000 ] 1025 httpx - INFO - HTTP Request: GET https://dagshub.com/api/v1/user "HTTP/1.1 200 OK"
[ 2025-01-14 19:09:50,000 ] 107 dagshub - INFO - Initialized MLflow to track repo "gyash8424/Network_Security"
[ 2025-01-14 19:09:50,008 ] 107 dagshub - INFO - Repository gyash8424/Network_Security initialized!
[ 2025-01-14 19:09:50,010 ] 20 root - INFO - Initiate the data ingestion
[ 2025-01-14 19:09:52,311 ] 62 root - INFO - Performed train test split on the dataframe
[ 2025-01-14 19:09:52,327 ] 64 root - INFO - Exited split_data_as_train_test method of Data_Ingestion class
[ 2025-01-14 19:09:52,327 ] 72 root - INFO - Exporting train and test file path.
[ 2025-01-14 19:09:52,374 ] 81 root - INFO - Exported train and test file path.
[ 2025-01-14 19:09:52,390 ] 26 root - INFO - Data Validation initiated
[ 2025-01-14 19:09:52,453 ] 32 root - INFO - Required number of columns:2
[ 2025-01-14 19:09:52,453 ] 33 root - INFO - Data frame has columns:31
[ 2025-01-14 19:09:52,453 ] 32 root - INFO - Required number of columns:2
[ 2025-01-14 19:09:52,453 ] 33 root - INFO - Data frame has columns:31
[ 2025-01-14 19:09:52,610 ] 32 root - INFO - data Transformation started
[ 2025-01-14 19:09:52,610 ] 63 root - INFO - Entered initiate_data_transformation method of DataTransformation class
[ 2025-01-14 19:09:52,610 ] 65 root - INFO - Starting data transformation
[ 2025-01-14 19:09:52,642 ] 48 root - INFO - Entered get_data_trnasformer_object method of Trnasformation class
[ 2025-01-14 19:09:52,642 ] 53 root - INFO - Initialise KNNImputer with {'missing_values': nan, 'n_neighbors': 3, 'weights': 'uniform'}
[ 2025-01-14 19:09:52,642 ] 46 root - INFO - Entered the save_object method of MainUtils class
[ 2025-01-14 19:09:52,642 ] 50 root - INFO - Exited the save_object method of MainUtils class
[ 2025-01-14 19:09:52,642 ] 46 root - INFO - Entered the save_object method of MainUtils class
[ 2025-01-14 19:09:52,657 ] 50 root - INFO - Exited the save_object method of MainUtils class
[ 2025-01-14 19:09:52,657 ] 36 root - INFO - data Transformation completed
[ 2025-01-14 19:09:52,657 ] 38 root - INFO - Model Training sstared
[ 2025-01-14 19:13:01,697 ] 46 root - INFO - Entered the save_object method of MainUtils class
[ 2025-01-14 19:13:01,729 ] 50 root - INFO - Exited the save_object method of MainUtils class
[ 2025-01-14 19:13:01,730 ] 46 root - INFO - Entered the save_object method of MainUtils class
[ 2025-01-14 19:13:01,734 ] 50 root - INFO - Exited the save_object method of MainUtils class
[ 2025-01-14 19:13:01,734 ] 137 root - INFO - Model trainer artifact: ModelTrainerArtifact(trained_model_file_path='Artifacts\\01_14_2025_19_09_44\\model_trainer\\trained_model\\model.pkl', train_metric_artifact=ClassificationMetricArtifact(f1_score=0.9902220411489102, precision_score=0.9878073562284089, recall_score=0.9926485603430671), test_metric_artifact=ClassificationMetricArtifact(f1_score=0.9759178839320963, precision_score=0.9709347996857817, recall_score=0.9809523809523809))
[ 2025-01-14 19:13:01,736 ] 43 root - INFO - Model Training artifact created
